<?xml version="1.0" encoding="UTF-8"?>
<!-- Generated by org.testng.reporters.JUnitReportReporter -->
<testsuite hostname="Sanket" failures="0" tests="1" name="tests.CheckOutTest" time="5.812" errors="0" timestamp="2025-04-18T16:39:34 IST" skipped="0">
  <testcase classname="tests.CheckOutTest" name="completePurchase" time="5.812"/>
  <system-out/>
</testsuite> <!-- tests.CheckOutTest -->
