<?xml version="1.0" encoding="UTF-8"?>
<!-- Generated by org.testng.reporters.JUnitReportReporter -->
<testsuite hostname="Sanket" failures="0" tests="4" name="tests.LoginTest" time="15.067" errors="0" timestamp="2025-04-18T16:42:35 IST" skipped="0">
  <testcase classname="tests.LoginTest" name="loginWithMultipleUsers" time="7.405"/>
  <system-out/>
  <testcase classname="tests.LoginTest" name="loginWithMultipleUsers" time="2.102"/>
  <system-out/>
  <testcase classname="tests.LoginTest" name="loginWithMultipleUsers" time="2.947"/>
  <system-out/>
  <testcase classname="tests.LoginTest" name="loginWithMultipleUsers" time="2.613"/>
  <system-out/>
</testsuite> <!-- tests.LoginTest -->
