<?xml version="1.0" encoding="UTF-8"?>
<!-- Generated by org.testng.reporters.JUnitReportReporter -->
<testsuite hostname="Sanket" failures="0" tests="4" name="tests.LoginTest" time="17.323" errors="0" timestamp="2025-04-18T17:29:37 IST" skipped="0">
  <testcase classname="tests.LoginTest" name="loginWithMultipleUsers" time="2.510"/>
  <system-out/>
  <testcase classname="tests.LoginTest" name="loginWithMultipleUsers" time="7.602"/>
  <system-out/>
  <testcase classname="tests.LoginTest" name="loginWithMultipleUsers" time="3.638"/>
  <system-out/>
  <testcase classname="tests.LoginTest" name="loginWithMultipleUsers" time="3.573"/>
  <system-out/>
</testsuite> <!-- tests.LoginTest -->
