<?xml version="1.0" encoding="UTF-8"?>
<!-- Generated by org.testng.reporters.JUnitReportReporter -->
<testsuite hostname="Sanket" failures="0" tests="1" name="tests.FilterTest" time="2.551" errors="0" timestamp="2025-04-18T17:29:38 IST" skipped="0">
  <testcase classname="tests.FilterTest" name="filterProductsLowToHigh" time="2.551"/>
  <system-out/>
</testsuite> <!-- tests.FilterTest -->
