<?xml version="1.0" encoding="UTF-8"?>
<!-- Generated by org.testng.reporters.JUnitReportReporter -->
<testsuite hostname="Sanket" failures="0" tests="1" name="tests.CartTest" time="3.066" errors="0" timestamp="2025-04-18T16:27:35 IST" skipped="0">
  <testcase classname="tests.CartTest" name="addItemToCart" time="3.066"/>
  <system-out/>
</testsuite> <!-- tests.CartTest -->
